[2017-05-16 18:00:02.215] [ERROR] app - { Error: Not Found
    at D:\www\test\express\app.js:49:13
    at Layer.handle [as handle_request] (D:\www\test\express\node_modules\express\lib\router\layer.js:95:5)
    at trim_prefix (D:\www\test\express\node_modules\express\lib\router\index.js:317:13)
    at D:\www\test\express\node_modules\express\lib\router\index.js:284:7
    at Function.process_params (D:\www\test\express\node_modules\express\lib\router\index.js:335:12)
    at next (D:\www\test\express\node_modules\express\lib\router\index.js:275:10)
    at D:\www\test\express\node_modules\express\lib\router\index.js:635:15
    at next (D:\www\test\express\node_modules\express\lib\router\index.js:260:14)
    at Function.handle (D:\www\test\express\node_modules\express\lib\router\index.js:174:3)
    at router (D:\www\test\express\node_modules\express\lib\router\index.js:47:12)
    at Layer.handle [as handle_request] (D:\www\test\express\node_modules\express\lib\router\layer.js:95:5)
    at trim_prefix (D:\www\test\express\node_modules\express\lib\router\index.js:317:13)
    at D:\www\test\express\node_modules\express\lib\router\index.js:284:7
    at Function.process_params (D:\www\test\express\node_modules\express\lib\router\index.js:335:12)
    at next (D:\www\test\express\node_modules\express\lib\router\index.js:275:10)
    at D:\www\test\express\app.js:38:3 status: 404 }
[2017-05-16 18:05:37.690] [ERROR] app - { Error: Not Found
    at D:\www\test\express\app.js:60:13
    at Layer.handle [as handle_request] (D:\www\test\express\node_modules\express\lib\router\layer.js:95:5)
    at trim_prefix (D:\www\test\express\node_modules\express\lib\router\index.js:317:13)
    at D:\www\test\express\node_modules\express\lib\router\index.js:284:7
    at Function.process_params (D:\www\test\express\node_modules\express\lib\router\index.js:335:12)
    at next (D:\www\test\express\node_modules\express\lib\router\index.js:275:10)
    at D:\www\test\express\node_modules\express\lib\router\index.js:635:15
    at next (D:\www\test\express\node_modules\express\lib\router\index.js:260:14)
    at Function.handle (D:\www\test\express\node_modules\express\lib\router\index.js:174:3)
    at router (D:\www\test\express\node_modules\express\lib\router\index.js:47:12)
    at Layer.handle [as handle_request] (D:\www\test\express\node_modules\express\lib\router\layer.js:95:5)
    at trim_prefix (D:\www\test\express\node_modules\express\lib\router\index.js:317:13)
    at D:\www\test\express\node_modules\express\lib\router\index.js:284:7
    at Function.process_params (D:\www\test\express\node_modules\express\lib\router\index.js:335:12)
    at next (D:\www\test\express\node_modules\express\lib\router\index.js:275:10)
    at D:\www\test\express\app.js:42:3 status: 404 }
[2017-05-16 18:05:53.882] [ERROR] app - { Error: Not Found
    at D:\www\test\express\app.js:60:13
    at Layer.handle [as handle_request] (D:\www\test\express\node_modules\express\lib\router\layer.js:95:5)
    at trim_prefix (D:\www\test\express\node_modules\express\lib\router\index.js:317:13)
    at D:\www\test\express\node_modules\express\lib\router\index.js:284:7
    at Function.process_params (D:\www\test\express\node_modules\express\lib\router\index.js:335:12)
    at next (D:\www\test\express\node_modules\express\lib\router\index.js:275:10)
    at D:\www\test\express\node_modules\express\lib\router\index.js:635:15
    at next (D:\www\test\express\node_modules\express\lib\router\index.js:260:14)
    at Function.handle (D:\www\test\express\node_modules\express\lib\router\index.js:174:3)
    at router (D:\www\test\express\node_modules\express\lib\router\index.js:47:12)
    at Layer.handle [as handle_request] (D:\www\test\express\node_modules\express\lib\router\layer.js:95:5)
    at trim_prefix (D:\www\test\express\node_modules\express\lib\router\index.js:317:13)
    at D:\www\test\express\node_modules\express\lib\router\index.js:284:7
    at Function.process_params (D:\www\test\express\node_modules\express\lib\router\index.js:335:12)
    at next (D:\www\test\express\node_modules\express\lib\router\index.js:275:10)
    at D:\www\test\express\app.js:42:3 status: 404 }
[2017-05-16 18:05:54.307] [ERROR] app - { Error: Not Found
    at D:\www\test\express\app.js:60:13
    at Layer.handle [as handle_request] (D:\www\test\express\node_modules\express\lib\router\layer.js:95:5)
    at trim_prefix (D:\www\test\express\node_modules\express\lib\router\index.js:317:13)
    at D:\www\test\express\node_modules\express\lib\router\index.js:284:7
    at Function.process_params (D:\www\test\express\node_modules\express\lib\router\index.js:335:12)
    at next (D:\www\test\express\node_modules\express\lib\router\index.js:275:10)
    at D:\www\test\express\node_modules\express\lib\router\index.js:635:15
    at next (D:\www\test\express\node_modules\express\lib\router\index.js:260:14)
    at Function.handle (D:\www\test\express\node_modules\express\lib\router\index.js:174:3)
    at router (D:\www\test\express\node_modules\express\lib\router\index.js:47:12)
    at Layer.handle [as handle_request] (D:\www\test\express\node_modules\express\lib\router\layer.js:95:5)
    at trim_prefix (D:\www\test\express\node_modules\express\lib\router\index.js:317:13)
    at D:\www\test\express\node_modules\express\lib\router\index.js:284:7
    at Function.process_params (D:\www\test\express\node_modules\express\lib\router\index.js:335:12)
    at next (D:\www\test\express\node_modules\express\lib\router\index.js:275:10)
    at D:\www\test\express\app.js:42:3 status: 404 }
[2017-05-16 18:07:06.867] [ERROR] app - { Error: Not Found
    at D:\www\test\express\app.js:60:13
    at Layer.handle [as handle_request] (D:\www\test\express\node_modules\express\lib\router\layer.js:95:5)
    at trim_prefix (D:\www\test\express\node_modules\express\lib\router\index.js:317:13)
    at D:\www\test\express\node_modules\express\lib\router\index.js:284:7
    at Function.process_params (D:\www\test\express\node_modules\express\lib\router\index.js:335:12)
    at next (D:\www\test\express\node_modules\express\lib\router\index.js:275:10)
    at D:\www\test\express\node_modules\express\lib\router\index.js:635:15
    at next (D:\www\test\express\node_modules\express\lib\router\index.js:260:14)
    at Function.handle (D:\www\test\express\node_modules\express\lib\router\index.js:174:3)
    at router (D:\www\test\express\node_modules\express\lib\router\index.js:47:12)
    at Layer.handle [as handle_request] (D:\www\test\express\node_modules\express\lib\router\layer.js:95:5)
    at trim_prefix (D:\www\test\express\node_modules\express\lib\router\index.js:317:13)
    at D:\www\test\express\node_modules\express\lib\router\index.js:284:7
    at Function.process_params (D:\www\test\express\node_modules\express\lib\router\index.js:335:12)
    at next (D:\www\test\express\node_modules\express\lib\router\index.js:275:10)
    at D:\www\test\express\app.js:42:3 status: 404 }
[2017-05-16 18:07:38.212] [ERROR] app - { Error: Not Found
    at D:\www\test\express\app.js:60:13
    at Layer.handle [as handle_request] (D:\www\test\express\node_modules\express\lib\router\layer.js:95:5)
    at trim_prefix (D:\www\test\express\node_modules\express\lib\router\index.js:317:13)
    at D:\www\test\express\node_modules\express\lib\router\index.js:284:7
    at Function.process_params (D:\www\test\express\node_modules\express\lib\router\index.js:335:12)
    at next (D:\www\test\express\node_modules\express\lib\router\index.js:275:10)
    at D:\www\test\express\node_modules\express\lib\router\index.js:635:15
    at next (D:\www\test\express\node_modules\express\lib\router\index.js:260:14)
    at Function.handle (D:\www\test\express\node_modules\express\lib\router\index.js:174:3)
    at router (D:\www\test\express\node_modules\express\lib\router\index.js:47:12)
    at Layer.handle [as handle_request] (D:\www\test\express\node_modules\express\lib\router\layer.js:95:5)
    at trim_prefix (D:\www\test\express\node_modules\express\lib\router\index.js:317:13)
    at D:\www\test\express\node_modules\express\lib\router\index.js:284:7
    at Function.process_params (D:\www\test\express\node_modules\express\lib\router\index.js:335:12)
    at next (D:\www\test\express\node_modules\express\lib\router\index.js:275:10)
    at D:\www\test\express\app.js:42:3 status: 404 }
[2017-05-16 18:07:39.914] [ERROR] app - { Error: Not Found
    at D:\www\test\express\app.js:60:13
    at Layer.handle [as handle_request] (D:\www\test\express\node_modules\express\lib\router\layer.js:95:5)
    at trim_prefix (D:\www\test\express\node_modules\express\lib\router\index.js:317:13)
    at D:\www\test\express\node_modules\express\lib\router\index.js:284:7
    at Function.process_params (D:\www\test\express\node_modules\express\lib\router\index.js:335:12)
    at next (D:\www\test\express\node_modules\express\lib\router\index.js:275:10)
    at D:\www\test\express\node_modules\express\lib\router\index.js:635:15
    at next (D:\www\test\express\node_modules\express\lib\router\index.js:260:14)
    at Function.handle (D:\www\test\express\node_modules\express\lib\router\index.js:174:3)
    at router (D:\www\test\express\node_modules\express\lib\router\index.js:47:12)
    at Layer.handle [as handle_request] (D:\www\test\express\node_modules\express\lib\router\layer.js:95:5)
    at trim_prefix (D:\www\test\express\node_modules\express\lib\router\index.js:317:13)
    at D:\www\test\express\node_modules\express\lib\router\index.js:284:7
    at Function.process_params (D:\www\test\express\node_modules\express\lib\router\index.js:335:12)
    at next (D:\www\test\express\node_modules\express\lib\router\index.js:275:10)
    at D:\www\test\express\app.js:42:3 status: 404 }
[2017-05-16 18:07:41.553] [ERROR] app - { Error: Not Found
    at D:\www\test\express\app.js:60:13
    at Layer.handle [as handle_request] (D:\www\test\express\node_modules\express\lib\router\layer.js:95:5)
    at trim_prefix (D:\www\test\express\node_modules\express\lib\router\index.js:317:13)
    at D:\www\test\express\node_modules\express\lib\router\index.js:284:7
    at Function.process_params (D:\www\test\express\node_modules\express\lib\router\index.js:335:12)
    at next (D:\www\test\express\node_modules\express\lib\router\index.js:275:10)
    at D:\www\test\express\node_modules\express\lib\router\index.js:635:15
    at next (D:\www\test\express\node_modules\express\lib\router\index.js:260:14)
    at Function.handle (D:\www\test\express\node_modules\express\lib\router\index.js:174:3)
    at router (D:\www\test\express\node_modules\express\lib\router\index.js:47:12)
    at Layer.handle [as handle_request] (D:\www\test\express\node_modules\express\lib\router\layer.js:95:5)
    at trim_prefix (D:\www\test\express\node_modules\express\lib\router\index.js:317:13)
    at D:\www\test\express\node_modules\express\lib\router\index.js:284:7
    at Function.process_params (D:\www\test\express\node_modules\express\lib\router\index.js:335:12)
    at next (D:\www\test\express\node_modules\express\lib\router\index.js:275:10)
    at D:\www\test\express\app.js:42:3 status: 404 }
[2017-05-16 18:07:46.599] [ERROR] app - { Error: Not Found
    at D:\www\test\express\app.js:60:13
    at Layer.handle [as handle_request] (D:\www\test\express\node_modules\express\lib\router\layer.js:95:5)
    at trim_prefix (D:\www\test\express\node_modules\express\lib\router\index.js:317:13)
    at D:\www\test\express\node_modules\express\lib\router\index.js:284:7
    at Function.process_params (D:\www\test\express\node_modules\express\lib\router\index.js:335:12)
    at next (D:\www\test\express\node_modules\express\lib\router\index.js:275:10)
    at D:\www\test\express\node_modules\express\lib\router\index.js:635:15
    at next (D:\www\test\express\node_modules\express\lib\router\index.js:260:14)
    at Function.handle (D:\www\test\express\node_modules\express\lib\router\index.js:174:3)
    at router (D:\www\test\express\node_modules\express\lib\router\index.js:47:12)
    at Layer.handle [as handle_request] (D:\www\test\express\node_modules\express\lib\router\layer.js:95:5)
    at trim_prefix (D:\www\test\express\node_modules\express\lib\router\index.js:317:13)
    at D:\www\test\express\node_modules\express\lib\router\index.js:284:7
    at Function.process_params (D:\www\test\express\node_modules\express\lib\router\index.js:335:12)
    at next (D:\www\test\express\node_modules\express\lib\router\index.js:275:10)
    at D:\www\test\express\app.js:42:3 status: 404 }
[2017-05-16 18:07:51.652] [ERROR] app - { Error: Not Found
    at D:\www\test\express\app.js:60:13
    at Layer.handle [as handle_request] (D:\www\test\express\node_modules\express\lib\router\layer.js:95:5)
    at trim_prefix (D:\www\test\express\node_modules\express\lib\router\index.js:317:13)
    at D:\www\test\express\node_modules\express\lib\router\index.js:284:7
    at Function.process_params (D:\www\test\express\node_modules\express\lib\router\index.js:335:12)
    at next (D:\www\test\express\node_modules\express\lib\router\index.js:275:10)
    at D:\www\test\express\node_modules\express\lib\router\index.js:635:15
    at next (D:\www\test\express\node_modules\express\lib\router\index.js:260:14)
    at Function.handle (D:\www\test\express\node_modules\express\lib\router\index.js:174:3)
    at router (D:\www\test\express\node_modules\express\lib\router\index.js:47:12)
    at Layer.handle [as handle_request] (D:\www\test\express\node_modules\express\lib\router\layer.js:95:5)
    at trim_prefix (D:\www\test\express\node_modules\express\lib\router\index.js:317:13)
    at D:\www\test\express\node_modules\express\lib\router\index.js:284:7
    at Function.process_params (D:\www\test\express\node_modules\express\lib\router\index.js:335:12)
    at next (D:\www\test\express\node_modules\express\lib\router\index.js:275:10)
    at D:\www\test\express\app.js:42:3 status: 404 }
[2017-05-16 18:07:56.698] [ERROR] app - { Error: Not Found
    at D:\www\test\express\app.js:60:13
    at Layer.handle [as handle_request] (D:\www\test\express\node_modules\express\lib\router\layer.js:95:5)
    at trim_prefix (D:\www\test\express\node_modules\express\lib\router\index.js:317:13)
    at D:\www\test\express\node_modules\express\lib\router\index.js:284:7
    at Function.process_params (D:\www\test\express\node_modules\express\lib\router\index.js:335:12)
    at next (D:\www\test\express\node_modules\express\lib\router\index.js:275:10)
    at D:\www\test\express\node_modules\express\lib\router\index.js:635:15
    at next (D:\www\test\express\node_modules\express\lib\router\index.js:260:14)
    at Function.handle (D:\www\test\express\node_modules\express\lib\router\index.js:174:3)
    at router (D:\www\test\express\node_modules\express\lib\router\index.js:47:12)
    at Layer.handle [as handle_request] (D:\www\test\express\node_modules\express\lib\router\layer.js:95:5)
    at trim_prefix (D:\www\test\express\node_modules\express\lib\router\index.js:317:13)
    at D:\www\test\express\node_modules\express\lib\router\index.js:284:7
    at Function.process_params (D:\www\test\express\node_modules\express\lib\router\index.js:335:12)
    at next (D:\www\test\express\node_modules\express\lib\router\index.js:275:10)
    at D:\www\test\express\app.js:42:3 status: 404 }
[2017-05-16 18:08:01.744] [ERROR] app - { Error: Not Found
    at D:\www\test\express\app.js:60:13
    at Layer.handle [as handle_request] (D:\www\test\express\node_modules\express\lib\router\layer.js:95:5)
    at trim_prefix (D:\www\test\express\node_modules\express\lib\router\index.js:317:13)
    at D:\www\test\express\node_modules\express\lib\router\index.js:284:7
    at Function.process_params (D:\www\test\express\node_modules\express\lib\router\index.js:335:12)
    at next (D:\www\test\express\node_modules\express\lib\router\index.js:275:10)
    at D:\www\test\express\node_modules\express\lib\router\index.js:635:15
    at next (D:\www\test\express\node_modules\express\lib\router\index.js:260:14)
    at Function.handle (D:\www\test\express\node_modules\express\lib\router\index.js:174:3)
    at router (D:\www\test\express\node_modules\express\lib\router\index.js:47:12)
    at Layer.handle [as handle_request] (D:\www\test\express\node_modules\express\lib\router\layer.js:95:5)
    at trim_prefix (D:\www\test\express\node_modules\express\lib\router\index.js:317:13)
    at D:\www\test\express\node_modules\express\lib\router\index.js:284:7
    at Function.process_params (D:\www\test\express\node_modules\express\lib\router\index.js:335:12)
    at next (D:\www\test\express\node_modules\express\lib\router\index.js:275:10)
    at D:\www\test\express\app.js:42:3 status: 404 }
[2017-05-16 18:08:06.804] [ERROR] app - { Error: Not Found
    at D:\www\test\express\app.js:60:13
    at Layer.handle [as handle_request] (D:\www\test\express\node_modules\express\lib\router\layer.js:95:5)
    at trim_prefix (D:\www\test\express\node_modules\express\lib\router\index.js:317:13)
    at D:\www\test\express\node_modules\express\lib\router\index.js:284:7
    at Function.process_params (D:\www\test\express\node_modules\express\lib\router\index.js:335:12)
    at next (D:\www\test\express\node_modules\express\lib\router\index.js:275:10)
    at D:\www\test\express\node_modules\express\lib\router\index.js:635:15
    at next (D:\www\test\express\node_modules\express\lib\router\index.js:260:14)
    at Function.handle (D:\www\test\express\node_modules\express\lib\router\index.js:174:3)
    at router (D:\www\test\express\node_modules\express\lib\router\index.js:47:12)
    at Layer.handle [as handle_request] (D:\www\test\express\node_modules\express\lib\router\layer.js:95:5)
    at trim_prefix (D:\www\test\express\node_modules\express\lib\router\index.js:317:13)
    at D:\www\test\express\node_modules\express\lib\router\index.js:284:7
    at Function.process_params (D:\www\test\express\node_modules\express\lib\router\index.js:335:12)
    at next (D:\www\test\express\node_modules\express\lib\router\index.js:275:10)
    at D:\www\test\express\app.js:42:3 status: 404 }
[2017-05-16 18:09:39.436] [INFO] console - { my: 'data' }
[2017-05-16 18:50:33.443] [INFO] console - { my: 'data' }
[2017-05-16 18:51:51.661] [INFO] console - { my: 'data' }
[2017-05-16 19:22:08.554] [INFO] console - { my: 'data' }
[2017-05-16 19:22:19.586] [INFO] console - { my: 'data' }
[2017-05-16 19:29:40.835] [ERROR] app - { Error: Not Found
    at D:\www\test\express\app.js:53:13
    at Layer.handle [as handle_request] (D:\www\test\express\node_modules\express\lib\router\layer.js:95:5)
    at trim_prefix (D:\www\test\express\node_modules\express\lib\router\index.js:317:13)
    at D:\www\test\express\node_modules\express\lib\router\index.js:284:7
    at Function.process_params (D:\www\test\express\node_modules\express\lib\router\index.js:335:12)
    at next (D:\www\test\express\node_modules\express\lib\router\index.js:275:10)
    at D:\www\test\express\node_modules\express\lib\router\index.js:635:15
    at next (D:\www\test\express\node_modules\express\lib\router\index.js:260:14)
    at Function.handle (D:\www\test\express\node_modules\express\lib\router\index.js:174:3)
    at router (D:\www\test\express\node_modules\express\lib\router\index.js:47:12)
    at Layer.handle [as handle_request] (D:\www\test\express\node_modules\express\lib\router\layer.js:95:5)
    at trim_prefix (D:\www\test\express\node_modules\express\lib\router\index.js:317:13)
    at D:\www\test\express\node_modules\express\lib\router\index.js:284:7
    at Function.process_params (D:\www\test\express\node_modules\express\lib\router\index.js:335:12)
    at next (D:\www\test\express\node_modules\express\lib\router\index.js:275:10)
    at D:\www\test\express\app.js:40:3 status: 404 }
[2017-05-16 19:33:44.496] [INFO] console - { my: 'data' }
[2017-05-16 19:35:46.303] [INFO] console - { my: 'data' }
[2017-05-16 19:37:52.373] [INFO] console - { my: 'data' }
[2017-05-16 19:39:00.537] [INFO] console - { my: 'data' }
[2017-05-16 19:39:57.760] [INFO] console - { my: 'data' }
[2017-05-16 19:39:59.737] [INFO] console - { my: 'data' }
[2017-05-16 19:40:11.274] [INFO] console - { my: 'data' }
[2017-05-16 19:40:12.276] [INFO] console - { my: 'data' }
[2017-05-16 19:40:13.279] [INFO] console - { my: 'data' }
[2017-05-16 19:40:14.278] [INFO] console - { my: 'data' }
[2017-05-16 19:40:15.300] [INFO] console - { my: 'data' }
[2017-05-16 19:40:16.283] [INFO] console - { my: 'data' }
[2017-05-16 19:40:17.287] [INFO] console - { my: 'data' }
[2017-05-16 19:40:18.289] [INFO] console - { my: 'data' }
[2017-05-16 19:40:19.291] [INFO] console - { my: 'data' }
[2017-05-16 19:40:20.291] [INFO] console - { my: 'data' }
[2017-05-16 19:40:22.518] [INFO] console - { my: 'data' }
[2017-05-16 19:40:23.510] [INFO] console - { my: 'data' }
[2017-05-16 19:40:24.512] [INFO] console - { my: 'data' }
[2017-05-16 19:40:25.512] [INFO] console - { my: 'data' }
[2017-05-16 19:40:26.513] [INFO] console - { my: 'data' }
[2017-05-16 19:40:27.520] [INFO] console - { my: 'data' }
[2017-05-16 19:40:28.515] [INFO] console - { my: 'data' }
[2017-05-16 19:40:29.515] [INFO] console - { my: 'data' }
[2017-05-16 19:40:30.518] [INFO] console - { my: 'data' }
[2017-05-16 19:40:31.517] [INFO] console - { my: 'data' }
[2017-05-16 19:40:32.519] [INFO] console - { my: 'data' }
[2017-05-16 19:40:33.519] [INFO] console - { my: 'data' }
[2017-05-16 19:40:34.519] [INFO] console - { my: 'data' }
[2017-05-16 19:40:35.519] [INFO] console - { my: 'data' }
[2017-05-16 19:40:36.519] [INFO] console - { my: 'data' }
[2017-05-16 19:40:37.535] [INFO] console - { my: 'data' }
[2017-05-16 19:40:38.543] [INFO] console - { my: 'data' }
[2017-05-16 19:40:39.519] [INFO] console - { my: 'data' }
[2017-05-16 19:40:40.520] [INFO] console - { my: 'data' }
[2017-05-16 19:40:41.520] [INFO] console - { my: 'data' }
[2017-05-16 19:40:42.522] [INFO] console - { my: 'data' }
[2017-05-16 19:40:43.524] [INFO] console - { my: 'data' }
[2017-05-16 19:40:44.526] [INFO] console - { my: 'data' }
[2017-05-16 19:40:45.529] [INFO] console - { my: 'data' }
[2017-05-16 19:40:46.539] [INFO] console - { my: 'data' }
[2017-05-16 19:40:47.531] [INFO] console - { my: 'data' }
[2017-05-16 19:40:48.532] [INFO] console - { my: 'data' }
[2017-05-16 19:40:49.531] [INFO] console - { my: 'data' }
[2017-05-16 19:40:50.532] [INFO] console - { my: 'data' }
[2017-05-16 19:40:51.531] [INFO] console - { my: 'data' }
[2017-05-16 19:40:52.534] [INFO] console - { my: 'data' }
[2017-05-16 19:40:53.539] [INFO] console - { my: 'data' }
[2017-05-16 19:40:54.539] [INFO] console - { my: 'data' }
[2017-05-16 19:40:55.535] [INFO] console - { my: 'data' }
[2017-05-16 19:40:56.536] [INFO] console - { my: 'data' }
[2017-05-16 19:40:57.537] [INFO] console - { my: 'data' }
[2017-05-16 19:40:58.541] [INFO] console - { my: 'data' }
[2017-05-16 19:40:59.538] [INFO] console - { my: 'data' }
[2017-05-16 19:41:00.537] [INFO] console - { my: 'data' }
[2017-05-16 19:41:01.537] [INFO] console - { my: 'data' }
[2017-05-16 19:41:02.536] [INFO] console - { my: 'data' }
[2017-05-16 19:41:03.536] [INFO] console - { my: 'data' }
[2017-05-16 19:41:04.539] [INFO] console - { my: 'data' }
[2017-05-16 19:41:05.542] [INFO] console - { my: 'data' }
[2017-05-16 19:41:06.538] [INFO] console - { my: 'data' }
[2017-05-16 19:41:07.542] [INFO] console - { my: 'data' }
[2017-05-16 19:41:08.542] [INFO] console - { my: 'data' }
[2017-05-16 19:41:09.543] [INFO] console - { my: 'data' }
[2017-05-16 19:41:10.547] [INFO] console - { my: 'data' }
[2017-05-16 19:41:11.539] [INFO] console - { my: 'data' }
[2017-05-16 19:41:12.543] [INFO] console - { my: 'data' }
[2017-05-16 19:41:13.544] [INFO] console - { my: 'data' }
[2017-05-16 19:41:14.559] [INFO] console - { my: 'data' }
[2017-05-16 19:41:15.563] [INFO] console - { my: 'data' }
[2017-05-16 19:41:16.561] [INFO] console - { my: 'data' }
[2017-05-16 19:41:17.561] [INFO] console - { my: 'data' }
[2017-05-16 19:41:18.564] [INFO] console - { my: 'data' }
[2017-05-16 19:41:19.566] [INFO] console - { my: 'data' }
[2017-05-16 19:41:20.570] [INFO] console - { my: 'data' }
[2017-05-16 19:41:21.572] [INFO] console - { my: 'data' }
[2017-05-16 19:41:22.585] [INFO] console - { my: 'data' }
[2017-05-16 19:41:23.575] [INFO] console - { my: 'data' }
[2017-05-16 19:41:24.574] [INFO] console - { my: 'data' }
[2017-05-16 19:41:25.576] [INFO] console - { my: 'data' }
[2017-05-16 19:41:26.577] [INFO] console - { my: 'data' }
[2017-05-16 19:41:27.576] [INFO] console - { my: 'data' }
[2017-05-16 19:41:28.575] [INFO] console - { my: 'data' }
[2017-05-16 19:41:29.578] [INFO] console - { my: 'data' }
[2017-05-16 19:41:30.579] [INFO] console - { my: 'data' }
[2017-05-16 19:41:31.581] [INFO] console - { my: 'data' }
[2017-05-16 19:41:32.580] [INFO] console - { my: 'data' }
[2017-05-16 19:41:33.580] [INFO] console - { my: 'data' }
[2017-05-16 19:42:18.546] [INFO] console - { my: 'data' }
[2017-05-16 19:42:19.544] [INFO] console - { my: 'data' }
[2017-05-16 19:42:20.543] [INFO] console - { my: 'data' }
[2017-05-16 19:42:21.546] [INFO] console - { my: 'data' }
[2017-05-16 19:42:22.546] [INFO] console - { my: 'data' }
[2017-05-16 19:42:23.547] [INFO] console - { my: 'data' }
[2017-05-16 19:42:24.548] [INFO] console - { my: 'data' }
[2017-05-16 19:42:25.549] [INFO] console - { my: 'data' }
[2017-05-16 19:42:26.550] [INFO] console - { my: 'data' }
[2017-05-16 19:42:27.553] [INFO] console - { my: 'data' }
[2017-05-16 19:42:28.555] [INFO] console - { my: 'data' }
[2017-05-16 19:42:29.555] [INFO] console - { my: 'data' }
[2017-05-16 19:42:30.555] [INFO] console - { my: 'data' }
[2017-05-16 19:42:31.553] [INFO] console - { my: 'data' }
[2017-05-16 19:42:32.556] [INFO] console - { my: 'data' }
[2017-05-16 19:42:33.556] [INFO] console - { my: 'data' }
[2017-05-16 19:42:34.557] [INFO] console - { my: 'data' }
[2017-05-16 19:42:35.554] [INFO] console - { my: 'data' }
[2017-05-16 19:42:36.557] [INFO] console - { my: 'data' }
[2017-05-16 19:42:37.560] [INFO] console - { my: 'data' }
[2017-05-16 19:42:38.561] [INFO] console - { my: 'data' }
[2017-05-16 19:42:39.560] [INFO] console - { my: 'data' }
[2017-05-16 19:42:40.561] [INFO] console - { my: 'data' }
[2017-05-16 19:42:41.562] [INFO] console - { my: 'data' }
[2017-05-16 19:42:42.566] [INFO] console - { my: 'data' }
[2017-05-16 19:42:43.561] [INFO] console - { my: 'data' }
[2017-05-16 19:42:44.564] [INFO] console - { my: 'data' }
[2017-05-16 19:42:45.562] [INFO] console - { my: 'data' }
[2017-05-16 19:42:46.565] [INFO] console - { my: 'data' }
[2017-05-16 19:42:47.565] [INFO] console - { my: 'data' }
[2017-05-16 19:42:48.566] [INFO] console - { my: 'data' }
[2017-05-16 19:42:49.569] [INFO] console - { my: 'data' }
[2017-05-16 19:42:50.568] [INFO] console - { my: 'data' }
[2017-05-16 19:42:51.569] [INFO] console - { my: 'data' }
[2017-05-16 19:42:52.573] [INFO] console - { my: 'data' }
[2017-05-16 19:42:53.571] [INFO] console - { my: 'data' }
[2017-05-16 19:42:54.575] [INFO] console - { my: 'data' }
[2017-05-16 19:42:55.574] [INFO] console - { my: 'data' }
[2017-05-16 19:42:56.572] [INFO] console - { my: 'data' }
[2017-05-16 19:42:57.573] [INFO] console - { my: 'data' }
[2017-05-16 19:42:58.575] [INFO] console - { my: 'data' }
[2017-05-16 19:42:59.576] [INFO] console - { my: 'data' }
[2017-05-16 19:43:00.574] [INFO] console - { my: 'data' }
[2017-05-16 19:43:01.578] [INFO] console - { my: 'data' }
[2017-05-16 19:43:02.583] [INFO] console - { my: 'data' }
[2017-05-16 19:43:03.580] [INFO] console - { my: 'data' }
[2017-05-16 19:43:04.581] [INFO] console - { my: 'data' }
[2017-05-16 19:43:05.580] [INFO] console - { my: 'data' }
[2017-05-16 19:43:06.583] [INFO] console - { my: 'data' }
[2017-05-16 19:43:07.583] [INFO] console - { my: 'data' }
[2017-05-16 19:43:08.584] [INFO] console - { my: 'data' }
[2017-05-16 19:43:10.500] [INFO] console - { my: 'data' }
[2017-05-16 19:43:11.499] [INFO] console - { my: 'data' }
[2017-05-16 19:43:12.500] [INFO] console - { my: 'data' }
[2017-05-16 19:43:13.501] [INFO] console - { my: 'data' }
[2017-05-16 19:43:14.499] [INFO] console - { my: 'data' }
[2017-05-16 19:43:15.499] [INFO] console - { my: 'data' }
[2017-05-16 19:43:16.499] [INFO] console - { my: 'data' }
[2017-05-16 19:43:17.499] [INFO] console - { my: 'data' }
[2017-05-16 19:43:18.500] [INFO] console - { my: 'data' }
[2017-05-16 19:43:19.497] [INFO] console - { my: 'data' }
[2017-05-16 19:43:20.500] [INFO] console - { my: 'data' }
[2017-05-16 19:43:21.497] [INFO] console - { my: 'data' }
[2017-05-16 19:43:22.497] [INFO] console - { my: 'data' }
[2017-05-16 19:43:23.497] [INFO] console - { my: 'data' }
[2017-05-16 19:43:24.497] [INFO] console - { my: 'data' }
[2017-05-16 19:43:25.497] [INFO] console - { my: 'data' }
[2017-05-16 19:43:26.497] [INFO] console - { my: 'data' }
[2017-05-16 19:43:27.496] [INFO] console - { my: 'data' }
[2017-05-16 19:43:28.496] [INFO] console - { my: 'data' }
[2017-05-16 19:43:29.497] [INFO] console - { my: 'data' }
[2017-05-16 19:43:30.498] [INFO] console - { my: 'data' }
[2017-05-16 19:43:31.496] [INFO] console - { my: 'data' }
[2017-05-16 19:43:32.496] [INFO] console - { my: 'data' }
[2017-05-16 19:43:33.496] [INFO] console - { my: 'data' }
[2017-05-16 19:43:34.496] [INFO] console - { my: 'data' }
[2017-05-16 19:43:35.496] [INFO] console - { my: 'data' }
[2017-05-16 19:43:36.495] [INFO] console - { my: 'data' }
[2017-05-16 19:43:37.495] [INFO] console - { my: 'data' }
[2017-05-16 19:43:38.500] [INFO] console - { my: 'data' }
[2017-05-16 19:43:39.497] [INFO] console - { my: 'data' }
[2017-05-16 19:43:40.497] [INFO] console - { my: 'data' }
[2017-05-16 19:43:41.497] [INFO] console - { my: 'data' }
[2017-05-16 19:43:42.496] [INFO] console - { my: 'data' }
[2017-05-16 19:43:43.497] [INFO] console - { my: 'data' }
[2017-05-16 19:43:44.497] [INFO] console - { my: 'data' }
[2017-05-16 19:43:45.497] [INFO] console - { my: 'data' }
[2017-05-16 19:43:46.497] [INFO] console - { my: 'data' }
[2017-05-16 19:43:47.496] [INFO] console - { my: 'data' }
[2017-05-16 19:43:48.498] [INFO] console - { my: 'data' }
[2017-05-16 19:43:49.496] [INFO] console - { my: 'data' }
[2017-05-16 19:43:50.496] [INFO] console - { my: 'data' }
[2017-05-16 19:43:51.498] [INFO] console - { my: 'data' }
[2017-05-16 19:59:40.122] [INFO] console - { my: 'data' }
[2017-05-16 19:59:41.102] [INFO] console - { my: 'data' }
[2017-05-16 19:59:42.102] [INFO] console - { my: 'data' }
[2017-05-16 19:59:43.104] [INFO] console - { my: 'data' }
[2017-05-16 19:59:44.102] [INFO] console - { my: 'data' }
[2017-05-16 19:59:45.108] [INFO] console - { my: 'data' }
[2017-05-16 19:59:46.107] [INFO] console - { my: 'data' }
[2017-05-16 19:59:47.108] [INFO] console - { my: 'data' }
[2017-05-16 19:59:48.111] [INFO] console - { my: 'data' }
[2017-05-16 19:59:49.115] [INFO] console - { my: 'data' }
[2017-05-16 19:59:50.111] [INFO] console - { my: 'data' }
[2017-05-16 19:59:51.109] [INFO] console - { my: 'data' }
[2017-05-16 19:59:52.114] [INFO] console - { my: 'data' }
[2017-05-16 19:59:53.116] [INFO] console - { my: 'data' }
[2017-05-16 19:59:54.119] [INFO] console - { my: 'data' }
[2017-05-16 19:59:55.123] [INFO] console - { my: 'data' }
[2017-05-16 19:59:56.122] [INFO] console - { my: 'data' }
[2017-05-16 19:59:57.124] [INFO] console - { my: 'data' }
[2017-05-16 19:59:58.128] [INFO] console - { my: 'data' }
[2017-05-16 19:59:59.135] [INFO] console - { my: 'data' }
[2017-05-16 20:00:00.138] [INFO] console - { my: 'data' }
[2017-05-16 20:00:01.137] [INFO] console - { my: 'data' }
[2017-05-16 20:00:02.134] [INFO] console - { my: 'data' }
[2017-05-16 20:00:03.134] [INFO] console - { my: 'data' }
[2017-05-16 20:00:04.135] [INFO] console - { my: 'data' }
[2017-05-16 20:00:05.137] [INFO] console - { my: 'data' }
[2017-05-16 20:00:06.135] [INFO] console - { my: 'data' }
[2017-05-16 20:00:07.135] [INFO] console - { my: 'data' }
[2017-05-16 20:00:08.136] [INFO] console - { my: 'data' }
[2017-05-16 20:00:09.139] [INFO] console - { my: 'data' }
[2017-05-16 20:00:10.137] [INFO] console - { my: 'data' }
[2017-05-16 20:00:11.137] [INFO] console - { my: 'data' }
[2017-05-16 20:00:12.143] [INFO] console - { my: 'data' }
[2017-05-16 20:00:13.148] [INFO] console - { my: 'data' }
[2017-05-16 20:00:14.149] [INFO] console - { my: 'data' }
[2017-05-16 20:00:15.153] [INFO] console - { my: 'data' }
[2017-05-16 20:00:16.157] [INFO] console - { my: 'data' }
[2017-05-16 20:00:17.158] [INFO] console - { my: 'data' }
[2017-05-16 20:00:18.163] [INFO] console - { my: 'data' }
[2017-05-16 20:00:19.162] [INFO] console - { my: 'data' }
[2017-05-16 20:00:20.177] [INFO] console - { my: 'data' }
[2017-05-16 20:00:21.167] [INFO] console - { my: 'data' }
[2017-05-16 20:00:22.166] [INFO] console - { my: 'data' }
[2017-05-16 20:00:23.170] [INFO] console - { my: 'data' }
[2017-05-16 20:00:24.172] [INFO] console - { my: 'data' }
[2017-05-16 20:00:25.171] [INFO] console - { my: 'data' }
[2017-05-16 20:00:26.170] [INFO] console - { my: 'data' }
[2017-05-16 20:00:27.177] [INFO] console - { my: 'data' }
[2017-05-16 20:00:28.173] [INFO] console - { my: 'data' }
[2017-05-16 20:00:29.177] [INFO] console - { my: 'data' }
[2017-05-16 20:00:30.173] [INFO] console - { my: 'data' }
[2017-05-16 20:00:31.175] [INFO] console - { my: 'data' }
[2017-05-16 20:00:32.177] [INFO] console - { my: 'data' }
[2017-05-16 20:00:33.181] [INFO] console - { my: 'data' }
[2017-05-16 20:00:34.179] [INFO] console - { my: 'data' }
[2017-05-16 20:00:35.183] [INFO] console - { my: 'data' }
[2017-05-16 20:00:36.182] [INFO] console - { my: 'data' }
[2017-05-16 20:00:37.183] [INFO] console - { my: 'data' }
[2017-05-16 20:00:38.184] [INFO] console - { my: 'data' }
[2017-05-16 20:00:39.185] [INFO] console - { my: 'data' }
[2017-05-16 20:00:40.189] [INFO] console - { my: 'data' }
[2017-05-16 20:00:41.188] [INFO] console - { my: 'data' }
[2017-05-16 20:00:42.193] [INFO] console - { my: 'data' }
[2017-05-16 20:00:43.193] [INFO] console - { my: 'data' }
[2017-05-16 20:00:44.196] [INFO] console - { my: 'data' }
[2017-05-16 20:00:45.205] [INFO] console - { my: 'data' }
