[2017-05-25 00:03:38.112] [INFO] console - { list: {},
  session: 
   Session {
     cookie: 
      { path: '/',
        _expires: null,
        originalMaxAge: null,
        httpOnly: true } },
  routing: { locationBeforeTransitions: null } }
[2017-05-25 00:03:38.211] [INFO] console - { list: 
   { data: [ [Object], [Object], [Object], [Object], [Object] ],
     num: 5,
     page: 1 },
  session: 
   Session {
     cookie: 
      { path: '/',
        _expires: null,
        originalMaxAge: null,
        httpOnly: true } },
  routing: { locationBeforeTransitions: null } }
[2017-05-25 13:31:42.078] [INFO] console - { list: 
   { data: [ [Object], [Object], [Object], [Object], [Object] ],
     num: 5,
     page: 1 },
  session: 
   Session {
     cookie: 
      { path: '/',
        _expires: null,
        originalMaxAge: null,
        httpOnly: true } },
  routing: { locationBeforeTransitions: null } }
[2017-05-25 13:33:54.510] [INFO] console - { list: 
   { data: [ [Object], [Object], [Object], [Object], [Object] ],
     num: 5,
     page: 1 },
  session: 
   Session {
     cookie: 
      { path: '/',
        _expires: null,
        originalMaxAge: null,
        httpOnly: true } },
  routing: { locationBeforeTransitions: null } }
[2017-05-25 13:33:54.656] [INFO] console - { list: 
   { data: [ [Object], [Object], [Object], [Object], [Object] ],
     num: 5,
     page: 1 },
  session: 
   Session {
     cookie: 
      { path: '/',
        _expires: null,
        originalMaxAge: null,
        httpOnly: true } },
  routing: { locationBeforeTransitions: null } }
[2017-05-25 13:33:54.744] [INFO] console - { list: 
   { data: [ [Object], [Object], [Object], [Object], [Object] ],
     num: 5,
     page: 1 },
  session: 
   Session {
     cookie: 
      { path: '/',
        _expires: null,
        originalMaxAge: null,
        httpOnly: true } },
  routing: { locationBeforeTransitions: null } }
[2017-05-25 13:34:52.303] [ERROR] app - { Error: ENOENT: no such file or directory, open 'D:\www\test\express\views\common\header.ejs'
    at Error (native)
    at Object.fs.openSync (fs.js:634:18)
    at Object.fs.readFileSync [as fileLoader] (fs.js:502:33)
    at fileLoader (D:\www\test\express\node_modules\ejs\lib\ejs.js:220:18)
    at includeSource (D:\www\test\express\node_modules\ejs\lib\ejs.js:257:14)
    at D:\www\test\express\node_modules\ejs\lib\ejs.js:604:26
    at Array.forEach (native)
    at Object.Template.generateSource (D:\www\test\express\node_modules\ejs\lib\ejs.js:580:15)
    at Object.Template.compile (D:\www\test\express\node_modules\ejs\lib\ejs.js:483:12)
    at Object.compile (D:\www\test\express\node_modules\ejs\lib\ejs.js:338:16)
    at handleCache (D:\www\test\express\node_modules\ejs\lib\ejs.js:181:18)
    at tryHandleCache (D:\www\test\express\node_modules\ejs\lib\ejs.js:203:14)
    at View.exports.renderFile [as engine] (D:\www\test\express\node_modules\ejs\lib\ejs.js:412:10)
    at View.render (D:\www\test\express\node_modules\express\lib\view.js:128:8)
    at tryRender (D:\www\test\express\node_modules\express\lib\application.js:640:10)
    at EventEmitter.render (D:\www\test\express\node_modules\express\lib\application.js:592:3)
  errno: -4058,
  code: 'ENOENT',
  syscall: 'open',
  path: 'D:\\www\\test\\express\\views\\common\\header.ejs' }
[2017-05-25 13:35:15.182] [INFO] console - { list: {},
  session: 
   Session {
     cookie: 
      { path: '/',
        _expires: null,
        originalMaxAge: null,
        httpOnly: true },
     message: '' },
  routing: { locationBeforeTransitions: null } }
[2017-05-25 13:35:15.282] [INFO] console - { list: 
   { data: [ [Object], [Object], [Object], [Object], [Object] ],
     num: 5,
     page: 1 },
  session: 
   Session {
     cookie: 
      { path: '/',
        _expires: null,
        originalMaxAge: null,
        httpOnly: true },
     message: '' },
  routing: { locationBeforeTransitions: null } }
[2017-05-25 13:38:55.297] [INFO] console - { list: {},
  session: 
   Session {
     cookie: 
      { path: '/',
        _expires: null,
        originalMaxAge: null,
        httpOnly: true } },
  routing: { locationBeforeTransitions: null } }
[2017-05-25 13:38:55.424] [INFO] console - { list: 
   { data: [ [Object], [Object], [Object], [Object], [Object] ],
     num: 5,
     page: 1 },
  session: 
   Session {
     cookie: 
      { path: '/',
        _expires: null,
        originalMaxAge: null,
        httpOnly: true } },
  routing: { locationBeforeTransitions: null } }
[2017-05-25 13:39:16.943] [INFO] console - { list: 
   { data: [ [Object], [Object], [Object], [Object], [Object] ],
     num: 5,
     page: 1 },
  session: 
   Session {
     cookie: 
      { path: '/',
        _expires: null,
        originalMaxAge: null,
        httpOnly: true } },
  routing: { locationBeforeTransitions: null } }
[2017-05-25 13:39:16.996] [INFO] console - { list: 
   { data: [ [Object], [Object], [Object], [Object], [Object] ],
     num: 5,
     page: 1 },
  session: 
   Session {
     cookie: 
      { path: '/',
        _expires: null,
        originalMaxAge: null,
        httpOnly: true } },
  routing: { locationBeforeTransitions: null } }
[2017-05-25 13:40:35.418] [INFO] console - { list: 
   { data: [ [Object], [Object], [Object], [Object], [Object] ],
     num: 5,
     page: 1 },
  session: 
   Session {
     cookie: 
      { path: '/',
        _expires: null,
        originalMaxAge: null,
        httpOnly: true } },
  routing: { locationBeforeTransitions: null } }
[2017-05-25 13:40:35.468] [INFO] console - { list: 
   { data: [ [Object], [Object], [Object], [Object], [Object] ],
     num: 5,
     page: 1 },
  session: 
   Session {
     cookie: 
      { path: '/',
        _expires: null,
        originalMaxAge: null,
        httpOnly: true } },
  routing: { locationBeforeTransitions: null } }
[2017-05-25 13:40:36.551] [INFO] console - { list: 
   { data: [ [Object], [Object], [Object], [Object], [Object] ],
     num: 5,
     page: 1 },
  session: 
   Session {
     cookie: 
      { path: '/',
        _expires: null,
        originalMaxAge: null,
        httpOnly: true } },
  routing: { locationBeforeTransitions: null } }
[2017-05-25 13:40:36.607] [INFO] console - { list: 
   { data: [ [Object], [Object], [Object], [Object], [Object] ],
     num: 5,
     page: 1 },
  session: 
   Session {
     cookie: 
      { path: '/',
        _expires: null,
        originalMaxAge: null,
        httpOnly: true } },
  routing: { locationBeforeTransitions: null } }
[2017-05-25 13:40:37.816] [INFO] console - { list: 
   { data: [ [Object], [Object], [Object], [Object], [Object] ],
     num: 5,
     page: 1 },
  session: 
   Session {
     cookie: 
      { path: '/',
        _expires: null,
        originalMaxAge: null,
        httpOnly: true } },
  routing: { locationBeforeTransitions: null } }
[2017-05-25 13:40:37.862] [INFO] console - { list: 
   { data: [ [Object], [Object], [Object], [Object], [Object] ],
     num: 5,
     page: 1 },
  session: 
   Session {
     cookie: 
      { path: '/',
        _expires: null,
        originalMaxAge: null,
        httpOnly: true } },
  routing: { locationBeforeTransitions: null } }
[2017-05-25 13:40:45.576] [INFO] console - { list: 
   { data: [ [Object], [Object], [Object], [Object], [Object] ],
     num: 5,
     page: 1 },
  session: 
   Session {
     cookie: 
      { path: '/',
        _expires: null,
        originalMaxAge: null,
        httpOnly: true } },
  routing: { locationBeforeTransitions: null } }
[2017-05-25 13:40:45.638] [INFO] console - { list: 
   { data: [ [Object], [Object], [Object], [Object], [Object] ],
     num: 5,
     page: 1 },
  session: 
   Session {
     cookie: 
      { path: '/',
        _expires: null,
        originalMaxAge: null,
        httpOnly: true } },
  routing: { locationBeforeTransitions: null } }
[2017-05-25 15:42:38.149] [ERROR] app - { Error: ENOENT: no such file or directory, open 'D:\www\test\express\views\common\header.ejs'
    at Error (native)
    at Object.fs.openSync (fs.js:634:18)
    at Object.fs.readFileSync [as fileLoader] (fs.js:502:33)
    at fileLoader (D:\www\test\express\node_modules\ejs\lib\ejs.js:220:18)
    at includeSource (D:\www\test\express\node_modules\ejs\lib\ejs.js:257:14)
    at D:\www\test\express\node_modules\ejs\lib\ejs.js:604:26
    at Array.forEach (native)
    at Object.Template.generateSource (D:\www\test\express\node_modules\ejs\lib\ejs.js:580:15)
    at Object.Template.compile (D:\www\test\express\node_modules\ejs\lib\ejs.js:483:12)
    at Object.compile (D:\www\test\express\node_modules\ejs\lib\ejs.js:338:16)
    at handleCache (D:\www\test\express\node_modules\ejs\lib\ejs.js:181:18)
    at tryHandleCache (D:\www\test\express\node_modules\ejs\lib\ejs.js:203:14)
    at View.exports.renderFile [as engine] (D:\www\test\express\node_modules\ejs\lib\ejs.js:412:10)
    at View.render (D:\www\test\express\node_modules\express\lib\view.js:128:8)
    at tryRender (D:\www\test\express\node_modules\express\lib\application.js:640:10)
    at EventEmitter.render (D:\www\test\express\node_modules\express\lib\application.js:592:3)
  errno: -4058,
  code: 'ENOENT',
  syscall: 'open',
  path: 'D:\\www\\test\\express\\views\\common\\header.ejs' }
